<?xml version="1.0" encoding="UTF-8"?>
<!-- Generated by org.testng.reporters.JUnitReportReporter -->
<testsuite hostname="SelfServices-MacBook-Pro.local" name="Automation.Final" tests="1" failures="0" timestamp="26 Jan 2016 20:17:03 GMT" time="34.541" errors="0">
  <testcase name="LoginTest" time="34.541" classname="Automation.Final"/>
</testsuite> <!-- Automation.Final -->
